09-Jul-2024 03:26:08.358 INFO [main] org.apache.catalina.core.AprLifecycleListener.lifecycleEvent The Apache Tomcat Native library which allows using OpenSSL was not found on the java.library.path: [/Users/elismei/Library/Java/Extensions:/Library/Java/Extensions:/Network/Library/Java/Extensions:/System/Library/Java/Extensions:/usr/lib/java:.]
09-Jul-2024 03:26:08.549 INFO [main] org.apache.coyote.AbstractProtocol.init Initializing ProtocolHandler ["http-nio-8080"]
09-Jul-2024 03:26:08.559 INFO [main] org.apache.catalina.startup.Catalina.load Server initialization in [286] milliseconds
09-Jul-2024 03:26:08.578 INFO [main] org.apache.catalina.core.StandardService.startInternal Starting service [Catalina]
09-Jul-2024 03:26:08.579 INFO [main] org.apache.catalina.core.StandardEngine.startInternal Starting Servlet engine: [Apache Tomcat/9.0.38]
09-Jul-2024 03:26:08.582 INFO [main] org.apache.catalina.startup.HostConfig.deployDirectory Установка веб приложения в папку [/Users/elismei/haulmont/shihalevdev/deploy/tomcat/webapps/app]
09-Jul-2024 03:26:10.320 INFO [main] org.apache.catalina.startup.HostConfig.deployDirectory Deployment of web application directory [/Users/elismei/haulmont/shihalevdev/deploy/tomcat/webapps/app] has finished in [1 738] ms
09-Jul-2024 03:26:10.320 INFO [main] org.apache.catalina.startup.HostConfig.deployDirectory Установка веб приложения в папку [/Users/elismei/haulmont/shihalevdev/deploy/tomcat/webapps/app-core]
09-Jul-2024 03:26:12.098 INFO [main] org.apache.catalina.startup.HostConfig.deployDirectory Deployment of web application directory [/Users/elismei/haulmont/shihalevdev/deploy/tomcat/webapps/app-core] has finished in [1 778] ms
09-Jul-2024 03:26:12.100 INFO [main] org.apache.coyote.AbstractProtocol.start Starting ProtocolHandler ["http-nio-8080"]
09-Jul-2024 03:26:12.103 INFO [main] org.apache.catalina.startup.Catalina.start Server startup in [3543] milliseconds
09-Jul-2024 04:22:43.976 INFO [main] org.apache.catalina.core.AprLifecycleListener.lifecycleEvent The Apache Tomcat Native library which allows using OpenSSL was not found on the java.library.path: [/Users/elismei/Library/Java/Extensions:/Library/Java/Extensions:/Network/Library/Java/Extensions:/System/Library/Java/Extensions:/usr/lib/java:.]
09-Jul-2024 04:22:44.096 INFO [main] org.apache.coyote.AbstractProtocol.init Initializing ProtocolHandler ["http-nio-8080"]
09-Jul-2024 04:22:44.107 INFO [main] org.apache.catalina.startup.Catalina.load Server initialization in [217] milliseconds
09-Jul-2024 04:22:44.124 INFO [main] org.apache.catalina.core.StandardService.startInternal Starting service [Catalina]
09-Jul-2024 04:22:44.125 INFO [main] org.apache.catalina.core.StandardEngine.startInternal Starting Servlet engine: [Apache Tomcat/9.0.38]
09-Jul-2024 04:22:44.128 INFO [main] org.apache.catalina.startup.HostConfig.deployDirectory Установка веб приложения в папку [/Users/elismei/haulmont/shihalevdev/deploy/tomcat/webapps/app]
09-Jul-2024 04:22:46.085 INFO [main] org.apache.catalina.startup.HostConfig.deployDirectory Deployment of web application directory [/Users/elismei/haulmont/shihalevdev/deploy/tomcat/webapps/app] has finished in [1 956] ms
09-Jul-2024 04:22:46.085 INFO [main] org.apache.catalina.startup.HostConfig.deployDirectory Установка веб приложения в папку [/Users/elismei/haulmont/shihalevdev/deploy/tomcat/webapps/app-core]
09-Jul-2024 04:22:47.878 INFO [main] org.apache.catalina.startup.HostConfig.deployDirectory Deployment of web application directory [/Users/elismei/haulmont/shihalevdev/deploy/tomcat/webapps/app-core] has finished in [1 793] ms
09-Jul-2024 04:22:47.879 INFO [main] org.apache.coyote.AbstractProtocol.start Starting ProtocolHandler ["http-nio-8080"]
09-Jul-2024 04:22:47.882 INFO [main] org.apache.catalina.startup.Catalina.start Server startup in [3774] milliseconds
09-Jul-2024 04:23:09.686 INFO [main] org.apache.catalina.core.AprLifecycleListener.lifecycleEvent The Apache Tomcat Native library which allows using OpenSSL was not found on the java.library.path: [/Users/elismei/Library/Java/Extensions:/Library/Java/Extensions:/Network/Library/Java/Extensions:/System/Library/Java/Extensions:/usr/lib/java:.]
09-Jul-2024 04:23:09.803 INFO [main] org.apache.coyote.AbstractProtocol.init Initializing ProtocolHandler ["http-nio-8080"]
09-Jul-2024 04:23:09.812 INFO [main] org.apache.catalina.startup.Catalina.load Server initialization in [204] milliseconds
09-Jul-2024 04:23:09.834 INFO [main] org.apache.catalina.core.StandardService.startInternal Starting service [Catalina]
09-Jul-2024 04:23:09.834 INFO [main] org.apache.catalina.core.StandardEngine.startInternal Starting Servlet engine: [Apache Tomcat/9.0.38]
09-Jul-2024 04:23:09.838 INFO [main] org.apache.catalina.startup.HostConfig.deployDirectory Установка веб приложения в папку [/Users/elismei/haulmont/shihalevdev/deploy/tomcat/webapps/app]
09-Jul-2024 04:23:11.707 INFO [main] org.apache.catalina.startup.HostConfig.deployDirectory Deployment of web application directory [/Users/elismei/haulmont/shihalevdev/deploy/tomcat/webapps/app] has finished in [1 868] ms
09-Jul-2024 04:23:11.707 INFO [main] org.apache.catalina.startup.HostConfig.deployDirectory Установка веб приложения в папку [/Users/elismei/haulmont/shihalevdev/deploy/tomcat/webapps/app-core]
09-Jul-2024 04:23:13.711 INFO [main] org.apache.catalina.startup.HostConfig.deployDirectory Deployment of web application directory [/Users/elismei/haulmont/shihalevdev/deploy/tomcat/webapps/app-core] has finished in [2 004] ms
09-Jul-2024 04:23:13.712 INFO [main] org.apache.coyote.AbstractProtocol.start Starting ProtocolHandler ["http-nio-8080"]
09-Jul-2024 04:23:13.716 INFO [main] org.apache.catalina.startup.Catalina.start Server startup in [3903] milliseconds
09-Jul-2024 04:24:30.990 INFO [main] org.apache.catalina.core.AprLifecycleListener.lifecycleEvent The Apache Tomcat Native library which allows using OpenSSL was not found on the java.library.path: [/Users/elismei/Library/Java/Extensions:/Library/Java/Extensions:/Network/Library/Java/Extensions:/System/Library/Java/Extensions:/usr/lib/java:.]
09-Jul-2024 04:24:31.116 INFO [main] org.apache.coyote.AbstractProtocol.init Initializing ProtocolHandler ["http-nio-8080"]
09-Jul-2024 04:24:31.128 INFO [main] org.apache.catalina.startup.Catalina.load Server initialization in [306] milliseconds
09-Jul-2024 04:24:31.146 INFO [main] org.apache.catalina.core.StandardService.startInternal Starting service [Catalina]
09-Jul-2024 04:24:31.147 INFO [main] org.apache.catalina.core.StandardEngine.startInternal Starting Servlet engine: [Apache Tomcat/9.0.38]
09-Jul-2024 04:24:31.150 INFO [main] org.apache.catalina.startup.HostConfig.deployDirectory Установка веб приложения в папку [/Users/elismei/haulmont/shihalevdev/deploy/tomcat/webapps/app]
09-Jul-2024 04:24:33.009 INFO [main] org.apache.catalina.startup.HostConfig.deployDirectory Deployment of web application directory [/Users/elismei/haulmont/shihalevdev/deploy/tomcat/webapps/app] has finished in [1 858] ms
09-Jul-2024 04:24:33.009 INFO [main] org.apache.catalina.startup.HostConfig.deployDirectory Установка веб приложения в папку [/Users/elismei/haulmont/shihalevdev/deploy/tomcat/webapps/app-core]
09-Jul-2024 04:24:35.023 INFO [main] org.apache.catalina.startup.HostConfig.deployDirectory Deployment of web application directory [/Users/elismei/haulmont/shihalevdev/deploy/tomcat/webapps/app-core] has finished in [2 014] ms
09-Jul-2024 04:24:35.024 INFO [main] org.apache.coyote.AbstractProtocol.start Starting ProtocolHandler ["http-nio-8080"]
09-Jul-2024 04:24:35.027 INFO [main] org.apache.catalina.startup.Catalina.start Server startup in [3898] milliseconds
09-Jul-2024 04:25:39.076 INFO [main] org.apache.catalina.core.AprLifecycleListener.lifecycleEvent The Apache Tomcat Native library which allows using OpenSSL was not found on the java.library.path: [/Users/elismei/Library/Java/Extensions:/Library/Java/Extensions:/Network/Library/Java/Extensions:/System/Library/Java/Extensions:/usr/lib/java:.]
09-Jul-2024 04:25:39.186 INFO [main] org.apache.coyote.AbstractProtocol.init Initializing ProtocolHandler ["http-nio-8080"]
09-Jul-2024 04:25:39.197 INFO [main] org.apache.catalina.startup.Catalina.load Server initialization in [237] milliseconds
09-Jul-2024 04:25:39.216 INFO [main] org.apache.catalina.core.StandardService.startInternal Starting service [Catalina]
09-Jul-2024 04:25:39.217 INFO [main] org.apache.catalina.core.StandardEngine.startInternal Starting Servlet engine: [Apache Tomcat/9.0.38]
09-Jul-2024 04:25:39.220 INFO [main] org.apache.catalina.startup.HostConfig.deployDirectory Установка веб приложения в папку [/Users/elismei/haulmont/shihalevdev/deploy/tomcat/webapps/app]
09-Jul-2024 04:25:41.081 INFO [main] org.apache.catalina.startup.HostConfig.deployDirectory Deployment of web application directory [/Users/elismei/haulmont/shihalevdev/deploy/tomcat/webapps/app] has finished in [1 860] ms
09-Jul-2024 04:25:41.081 INFO [main] org.apache.catalina.startup.HostConfig.deployDirectory Установка веб приложения в папку [/Users/elismei/haulmont/shihalevdev/deploy/tomcat/webapps/app-core]
09-Jul-2024 04:25:43.072 INFO [main] org.apache.catalina.startup.HostConfig.deployDirectory Deployment of web application directory [/Users/elismei/haulmont/shihalevdev/deploy/tomcat/webapps/app-core] has finished in [1 991] ms
09-Jul-2024 04:25:43.073 INFO [main] org.apache.coyote.AbstractProtocol.start Starting ProtocolHandler ["http-nio-8080"]
09-Jul-2024 04:25:43.076 INFO [main] org.apache.catalina.startup.Catalina.start Server startup in [3878] milliseconds
09-Jul-2024 04:26:07.722 INFO [main] org.apache.catalina.core.AprLifecycleListener.lifecycleEvent The Apache Tomcat Native library which allows using OpenSSL was not found on the java.library.path: [/Users/elismei/Library/Java/Extensions:/Library/Java/Extensions:/Network/Library/Java/Extensions:/System/Library/Java/Extensions:/usr/lib/java:.]
09-Jul-2024 04:26:07.870 INFO [main] org.apache.coyote.AbstractProtocol.init Initializing ProtocolHandler ["http-nio-8080"]
09-Jul-2024 04:26:07.883 INFO [main] org.apache.catalina.startup.Catalina.load Server initialization in [263] milliseconds
09-Jul-2024 04:26:07.901 INFO [main] org.apache.catalina.core.StandardService.startInternal Starting service [Catalina]
09-Jul-2024 04:26:07.902 INFO [main] org.apache.catalina.core.StandardEngine.startInternal Starting Servlet engine: [Apache Tomcat/9.0.38]
09-Jul-2024 04:26:07.905 INFO [main] org.apache.catalina.startup.HostConfig.deployDirectory Установка веб приложения в папку [/Users/elismei/haulmont/shihalevdev/deploy/tomcat/webapps/app]
09-Jul-2024 04:26:09.826 INFO [main] org.apache.catalina.startup.HostConfig.deployDirectory Deployment of web application directory [/Users/elismei/haulmont/shihalevdev/deploy/tomcat/webapps/app] has finished in [1 920] ms
09-Jul-2024 04:26:09.826 INFO [main] org.apache.catalina.startup.HostConfig.deployDirectory Установка веб приложения в папку [/Users/elismei/haulmont/shihalevdev/deploy/tomcat/webapps/app-core]
09-Jul-2024 04:26:11.796 INFO [main] org.apache.catalina.startup.HostConfig.deployDirectory Deployment of web application directory [/Users/elismei/haulmont/shihalevdev/deploy/tomcat/webapps/app-core] has finished in [1 970] ms
09-Jul-2024 04:26:11.797 INFO [main] org.apache.coyote.AbstractProtocol.start Starting ProtocolHandler ["http-nio-8080"]
09-Jul-2024 04:26:11.801 INFO [main] org.apache.catalina.startup.Catalina.start Server startup in [3918] milliseconds
09-Jul-2024 04:27:01.037 INFO [main] org.apache.catalina.core.AprLifecycleListener.lifecycleEvent The Apache Tomcat Native library which allows using OpenSSL was not found on the java.library.path: [/Users/elismei/Library/Java/Extensions:/Library/Java/Extensions:/Network/Library/Java/Extensions:/System/Library/Java/Extensions:/usr/lib/java:.]
09-Jul-2024 04:27:01.147 INFO [main] org.apache.coyote.AbstractProtocol.init Initializing ProtocolHandler ["http-nio-8080"]
09-Jul-2024 04:27:01.160 INFO [main] org.apache.catalina.startup.Catalina.load Server initialization in [234] milliseconds
09-Jul-2024 04:27:01.179 INFO [main] org.apache.catalina.core.StandardService.startInternal Starting service [Catalina]
09-Jul-2024 04:27:01.180 INFO [main] org.apache.catalina.core.StandardEngine.startInternal Starting Servlet engine: [Apache Tomcat/9.0.38]
09-Jul-2024 04:27:01.183 INFO [main] org.apache.catalina.startup.HostConfig.deployDirectory Установка веб приложения в папку [/Users/elismei/haulmont/shihalevdev/deploy/tomcat/webapps/app]
09-Jul-2024 04:27:03.098 INFO [main] org.apache.catalina.startup.HostConfig.deployDirectory Deployment of web application directory [/Users/elismei/haulmont/shihalevdev/deploy/tomcat/webapps/app] has finished in [1 914] ms
09-Jul-2024 04:27:03.099 INFO [main] org.apache.catalina.startup.HostConfig.deployDirectory Установка веб приложения в папку [/Users/elismei/haulmont/shihalevdev/deploy/tomcat/webapps/app-core]
09-Jul-2024 04:27:05.064 INFO [main] org.apache.catalina.startup.HostConfig.deployDirectory Deployment of web application directory [/Users/elismei/haulmont/shihalevdev/deploy/tomcat/webapps/app-core] has finished in [1 965] ms
09-Jul-2024 04:27:05.065 INFO [main] org.apache.coyote.AbstractProtocol.start Starting ProtocolHandler ["http-nio-8080"]
09-Jul-2024 04:27:05.069 INFO [main] org.apache.catalina.startup.Catalina.start Server startup in [3908] milliseconds
09-Jul-2024 04:29:52.288 INFO [main] org.apache.catalina.core.AprLifecycleListener.lifecycleEvent The Apache Tomcat Native library which allows using OpenSSL was not found on the java.library.path: [/Users/elismei/Library/Java/Extensions:/Library/Java/Extensions:/Network/Library/Java/Extensions:/System/Library/Java/Extensions:/usr/lib/java:.]
09-Jul-2024 04:29:52.403 INFO [main] org.apache.coyote.AbstractProtocol.init Initializing ProtocolHandler ["http-nio-8080"]
09-Jul-2024 04:29:52.414 INFO [main] org.apache.catalina.startup.Catalina.load Server initialization in [286] milliseconds
09-Jul-2024 04:29:52.432 INFO [main] org.apache.catalina.core.StandardService.startInternal Starting service [Catalina]
09-Jul-2024 04:29:52.432 INFO [main] org.apache.catalina.core.StandardEngine.startInternal Starting Servlet engine: [Apache Tomcat/9.0.38]
09-Jul-2024 04:29:52.437 INFO [main] org.apache.catalina.startup.HostConfig.deployDirectory Установка веб приложения в папку [/Users/elismei/haulmont/shihalevdev/deploy/tomcat/webapps/app]
09-Jul-2024 04:29:54.308 INFO [main] org.apache.catalina.startup.HostConfig.deployDirectory Deployment of web application directory [/Users/elismei/haulmont/shihalevdev/deploy/tomcat/webapps/app] has finished in [1 870] ms
09-Jul-2024 04:29:54.308 INFO [main] org.apache.catalina.startup.HostConfig.deployDirectory Установка веб приложения в папку [/Users/elismei/haulmont/shihalevdev/deploy/tomcat/webapps/app-core]
09-Jul-2024 04:29:56.185 INFO [main] org.apache.catalina.startup.HostConfig.deployDirectory Deployment of web application directory [/Users/elismei/haulmont/shihalevdev/deploy/tomcat/webapps/app-core] has finished in [1 877] ms
09-Jul-2024 04:29:56.186 INFO [main] org.apache.coyote.AbstractProtocol.start Starting ProtocolHandler ["http-nio-8080"]
09-Jul-2024 04:29:56.189 INFO [main] org.apache.catalina.startup.Catalina.start Server startup in [3774] milliseconds
09-Jul-2024 04:33:49.376 INFO [main] org.apache.catalina.core.AprLifecycleListener.lifecycleEvent The Apache Tomcat Native library which allows using OpenSSL was not found on the java.library.path: [/Users/elismei/Library/Java/Extensions:/Library/Java/Extensions:/Network/Library/Java/Extensions:/System/Library/Java/Extensions:/usr/lib/java:.]
09-Jul-2024 04:33:49.581 INFO [main] org.apache.coyote.AbstractProtocol.init Initializing ProtocolHandler ["http-nio-8080"]
09-Jul-2024 04:33:49.592 INFO [main] org.apache.catalina.startup.Catalina.load Server initialization in [325] milliseconds
09-Jul-2024 04:33:49.611 INFO [main] org.apache.catalina.core.StandardService.startInternal Starting service [Catalina]
09-Jul-2024 04:33:49.611 INFO [main] org.apache.catalina.core.StandardEngine.startInternal Starting Servlet engine: [Apache Tomcat/9.0.38]
09-Jul-2024 04:33:49.614 INFO [main] org.apache.catalina.startup.HostConfig.deployDirectory Установка веб приложения в папку [/Users/elismei/haulmont/shihalevdev/deploy/tomcat/webapps/app]
09-Jul-2024 04:33:51.478 INFO [main] org.apache.catalina.startup.HostConfig.deployDirectory Deployment of web application directory [/Users/elismei/haulmont/shihalevdev/deploy/tomcat/webapps/app] has finished in [1 863] ms
09-Jul-2024 04:33:51.481 INFO [main] org.apache.catalina.startup.HostConfig.deployDirectory Установка веб приложения в папку [/Users/elismei/haulmont/shihalevdev/deploy/tomcat/webapps/app-core]
09-Jul-2024 04:33:53.301 INFO [main] org.apache.catalina.startup.HostConfig.deployDirectory Deployment of web application directory [/Users/elismei/haulmont/shihalevdev/deploy/tomcat/webapps/app-core] has finished in [1 820] ms
09-Jul-2024 04:33:53.302 INFO [main] org.apache.coyote.AbstractProtocol.start Starting ProtocolHandler ["http-nio-8080"]
09-Jul-2024 04:33:53.306 INFO [main] org.apache.catalina.startup.Catalina.start Server startup in [3713] milliseconds
