2024-07-10 17:23:00.131 INFO  [main] com.haulmont.cuba.core.sys.AbstractWebAppContextLoader - Initializing 'web' block, servlet context path: /app
2024-07-10 17:23:00.161 INFO  [main] com.haulmont.cuba.core.sys.AppComponents - Using app components: [com.haulmont.cuba]
2024-07-10 17:23:00.177 INFO  [main] com.haulmont.cuba.core.sys.AbstractWebAppContextLoader - Loading app properties from classpath:com/company/intership/web-app.properties
2024-07-10 17:23:00.179 INFO  [main] com.haulmont.cuba.core.sys.AbstractWebAppContextLoader - Loading app properties from file:/Users/elismei/haulmont/shihalevdev/deploy/tomcat/../app_home/local.app.properties
2024-07-10 17:23:00.181 INFO  [main] com.haulmont.cuba.core.sys.AbstractWebAppContextLoader - cuba.webContextName: app
2024-07-10 17:23:00.231 INFO  [main] com.haulmont.cuba.core.sys.environmentcheck.EnvironmentChecksRunner - Environment checks on web module completed successfully
2024-07-10 17:23:00.805 INFO  [main] com.haulmont.cuba.core.sys.remoting.discovery.StaticServerSelector - Server URLs: [http://localhost:8080/app-core/remoting]
2024-07-10 17:23:00.811 INFO  [main] com.haulmont.cuba.web.sys.remoting.WebRemoteProxyBeanCreator - Configuring proxy beans for local service invocations: [cuba_AuthenticationService, cuba_TrustedClientService, cuba_ServerInfoService, cuba_UserSettingService, cuba_UserManagementService, cuba_DataService, cuba_ConfigStorageService, cuba_PersistenceManagerService, cuba_LockService, cuba_UserSessionService, cuba_FoldersService, cuba_EmailService, cuba_FileStorageService, cuba_EntitySnapshotService, cuba_UniqueNumbersService, cuba_LocalizedMessageService, cuba_ResourceService, cuba_ScheduledTasksService, cuba_EntityLogService, cuba_TestingService, cuba_DomainDescriptionService, cuba_RelatedEntitiesService, cuba_EntitySqlGenerationService, cuba_NumberIdService, cuba_QueryResultsService, cuba_DynamicAttributesCacheService, cuba_EntityRestoreService, cuba_LocalFileExchangeService, cuba_EntityImportExportService, cuba_ConstraintLocalizationService, cuba_AttributeAccessService, cuba_ExceptionReportService, cuba_BulkEditorDataService, cuba_PersistenceSecurityService, cuba_AccessGroupsService, cuba_AttributeOptionsLoaderService, cuba_RolesService, cuba_SecurityScopesService, cuba_ScreenProfilerService]
2024-07-10 17:23:01.232 DEBUG [main] org.jboss.logging - Logging Provider: org.jboss.logging.Slf4jLoggerProvider
2024-07-10 17:23:01.475 INFO  [main] com.haulmont.cuba.core.sys.jmx.MBeanExporter - Registering beans for JMX exposure: [app.cuba:type=ConfigStorage, app.cuba:type=CachingFacade, app.cuba:type=FileUploading, app.cuba:type=JmxNodeIdentifier, app.cuba:type=JmxLogControl, app.cuba:type=ClassLoaderManager, app.cuba:type=StatisticsCounter]
2024-07-10 17:23:01.514 DEBUG [main] com.haulmont.cuba.gui.components.impl.ActionsImpl - Actions initialized in 10 ms
2024-07-10 17:23:01.516 INFO  [main] com.haulmont.cuba.core.sys.MetadataImpl - Initializing metadata
2024-07-10 17:23:01.597 INFO  [main] com.haulmont.cuba.core.sys.MetadataImpl - Metadata initialized in 81 ms
2024-07-10 17:23:01.608 INFO  [main] com.haulmont.cuba.core.sys.AbstractWebAppContextLoader - AppContext started
2024-07-10 17:23:01.620 INFO  [main] com.haulmont.cuba.web.sys.CubaDispatcherServlet - Initializing Servlet 'dispatcher'
2024-07-10 17:23:01.705 DEBUG [main] _org.springframework.web.servlet.HandlerMapping.Mappings - 
	c.h.c.w.c.LogDownloadController:
	{GET [/log/{file:[a-zA-Z0-9\.\-_]+}]}: getLogFile(HttpServletResponse,String,Boolean,String)
2024-07-10 17:23:01.706 DEBUG [main] _org.springframework.web.servlet.HandlerMapping.Mappings - 
	c.h.c.w.c.HealthCheckController:
	{GET [/health]}: healthCheck(HttpServletRequest,HttpServletResponse)
2024-07-10 17:23:01.706 DEBUG [main] _org.springframework.web.servlet.HandlerMapping.Mappings - 
	c.h.c.w.c.FileDownloadController:
	{GET [/download]}: download(HttpServletRequest,HttpServletResponse)
2024-07-10 17:23:01.791 DEBUG [main] _org.springframework.web.servlet.HandlerMapping.Mappings - 'org.springframework.web.servlet.handler.BeanNameUrlHandlerMapping' {}
2024-07-10 17:23:01.800 INFO  [main] com.haulmont.cuba.web.sys.CubaDispatcherServlet - Completed initialization in 180 ms
2024-07-10 17:23:01.828 INFO  [main] com.haulmont.cuba.core.sys.AbstractWebAppContextLoader - Initializing 'core' block, servlet context path: /app-core
2024-07-10 17:23:01.832 INFO  [main] com.haulmont.cuba.core.sys.AppComponents - Using app components: [com.haulmont.cuba]
2024-07-10 17:23:01.835 INFO  [main] com.haulmont.cuba.core.sys.AbstractWebAppContextLoader - Loading app properties from classpath:com/company/intership/app.properties
2024-07-10 17:23:01.835 INFO  [main] com.haulmont.cuba.core.sys.AbstractWebAppContextLoader - Loading app properties from file:/Users/elismei/haulmont/shihalevdev/deploy/tomcat/../app_home/local.app.properties
2024-07-10 17:23:01.836 INFO  [main] com.haulmont.cuba.core.sys.AbstractWebAppContextLoader - cuba.webContextName: app-core
2024-07-10 17:23:01.837 INFO  [main] com.haulmont.cuba.core.sys.AppContextLoader - DbmsType of the main database is set to postgres
2024-07-10 17:23:01.841 INFO  [main] com.haulmont.cuba.core.sys.environmentcheck.DataStoresCheck - Checking connection to data store Main
2024-07-10 17:23:01.930 INFO  [main] com.haulmont.cuba.core.sys.environmentcheck.EnvironmentChecksRunner - Environment checks on core module completed successfully
2024-07-10 17:23:01.955 INFO  [main] com.haulmont.cuba.core.sys.persistence.PersistenceConfigProcessor - Creating file /Users/elismei/haulmont/shihalevdev/deploy/app_home/app-core/work/persistence.xml
2024-07-10 17:23:02.304 INFO  [main] com.zaxxer.hikari.HikariDataSource - Connection Pool-Main - Starting...
2024-07-10 17:23:02.347 INFO  [main] com.zaxxer.hikari.HikariDataSource - Connection Pool-Main - Start completed.
2024-07-10 17:23:03.040 INFO  [main] com.haulmont.cuba.core.sys.jmx.MBeanExporter - Registering beans for JMX exposure: [app-core.cuba:type=PersistenceManager, app-core.cuba:type=ConfigStorage, app-core.cuba:type=UserSessions, app-core.cuba:type=UniqueNumbers, app-core.cuba:type=Emailer, app-core.cuba:type=EntityLog, app-core.cuba:type=FileStorage, app-core.cuba:type=LockManager, app-core.cuba:type=CachingFacade, app-core.cuba:type=ClusterManager, app-core.cuba:type=ScriptingManager, app-core.cuba:type=ServerInfo, app-core.cuba:type=Scheduling, app-core.cuba:type=PasswordEncryptionSupport, app-core.cuba:type=JmxNodeIdentifier, app-core.cuba:type=JmxLogControl, app-core.cuba:type=ClassLoaderManager, app-core.cuba:type=StatisticsCounter, app-core.cuba:type=BruteForceProtection, app-core.cuba:type=QueryCacheSupport]
2024-07-10 17:23:03.087 INFO  [main] com.haulmont.cuba.core.sys.MetadataImpl - Initializing metadata
2024-07-10 17:23:03.127 INFO  [main] com.haulmont.cuba.core.sys.MetadataImpl - Metadata initialized in 40 ms
2024-07-10 17:23:03.277 DEBUG [main] com.haulmont.cuba.security.auth.AnonymousSessionHolder - Initialize anonymous sessions
2024-07-10 17:23:03.419 INFO  [main/app-core/server] com.haulmont.cuba.core.app.ConfigStorage - Loading DB-stored app properties cache
2024-07-10 17:23:03.594 INFO  [main/app-core/server] com.haulmont.cuba.security.auth.AuthenticationManagerBean - Logged in: 4a0c73b8-2f62-9109-f46f-7e816d7519ef [anonymous]
2024-07-10 17:23:03.594 DEBUG [main] com.haulmont.cuba.security.auth.AnonymousSessionHolder - Anonymous session for scope GENERIC_UI initialized with id 4a0c73b8-2f62-9109-f46f-7e816d7519ef
2024-07-10 17:23:03.594 INFO  [main] com.haulmont.cuba.core.sys.AbstractWebAppContextLoader - AppContext started
2024-07-10 17:23:03.595 INFO  [main] com.haulmont.cuba.core.sys.remoting.RemotingServlet - Initializing Servlet 'remoting'
2024-07-10 17:23:03.601 INFO  [main] com.haulmont.cuba.core.sys.remoting.RemoteServicesBeanCreator - Configuring remote services
2024-07-10 17:23:03.622 DEBUG [main] _org.springframework.web.servlet.HandlerMapping.Mappings - 'org.springframework.web.servlet.handler.BeanNameUrlHandlerMapping' {/cuba_AuthenticationService=com.haulmont.cuba.core.sys.remoting.HttpServiceExporter@4ef3a9c3, /cuba_TrustedClientService=com.haulmont.cuba.core.sys.remoting.HttpServiceExporter@514c1b69, /cuba_ServerInfoService=com.haulmont.cuba.core.sys.remoting.HttpServiceExporter@1b3fadda, /cuba_LocalizedMessageService=com.haulmont.cuba.core.sys.remoting.HttpServiceExporter@6b828f7b, /cuba_AccessGroupsService=com.haulmont.cuba.core.sys.remoting.HttpServiceExporter@486417fc, /cuba_RolesService=com.haulmont.cuba.core.sys.remoting.HttpServiceExporter@4f3e7aa6, /cuba_UserSettingService=com.haulmont.cuba.core.sys.remoting.HttpServiceExporter@109d51e8, /cuba_UserSessionService=com.haulmont.cuba.core.sys.remoting.HttpServiceExporter@5a10f8f8, /cuba_SecurityScopesService=com.haulmont.cuba.core.sys.remoting.HttpServiceExporter@2b4a0153, /cuba_UserManagementService=com.haulmont.cuba.core.sys.remoting.HttpServiceExporter@2a75b9ec, /cuba_PersistenceSecurityService=com.haulmont.cuba.core.sys.remoting.HttpServiceExporter@1d5d9d7a, /cuba_ResourceService=com.haulmont.cuba.core.sys.remoting.HttpServiceExporter@645e2cfe, /cuba_ScreenProfilerService=com.haulmont.cuba.core.sys.remoting.HttpServiceExporter@4e1cc48b, /cuba_ScheduledTasksService=com.haulmont.cuba.core.sys.remoting.HttpServiceExporter@46a2f032, /cuba_RelatedEntitiesService=com.haulmont.cuba.core.sys.remoting.HttpServiceExporter@84dd12d, /cuba_EntityRestoreService=com.haulmont.cuba.core.sys.remoting.HttpServiceExporter@615e6a05, /cuba_QueryResultsService=com.haulmont.cuba.core.sys.remoting.HttpServiceExporter@d78dd7f, /cuba_ExceptionReportService=com.haulmont.cuba.core.sys.remoting.HttpServiceExporter@3c0e7718, /cuba_PersistenceManagerService=com.haulmont.cuba.core.sys.remoting.HttpServiceExporter@1aebab12, /cuba_NumberIdService=com.haulmont.cuba.core.sys.remoting.HttpServiceExporter@6acb0d0d, /cuba_EntitySqlGenerationService=com.haulmont.cuba.core.sys.remoting.HttpServiceExporter@647e7305, /cuba_FoldersService=com.haulmont.cuba.core.sys.remoting.HttpServiceExporter@6328f979, /cuba_LockService=com.haulmont.cuba.core.sys.remoting.HttpServiceExporter@5d2ded, /cuba_DataService=com.haulmont.cuba.core.sys.remoting.HttpServiceExporter@3c927907, /cuba_AttributeAccessService=com.haulmont.cuba.core.sys.remoting.HttpServiceExporter@26049ca2, /cuba_ConstraintLocalizationService=com.haulmont.cuba.core.sys.remoting.HttpServiceExporter@3cd38685, /cuba_EntitySnapshotService=com.haulmont.cuba.core.sys.remoting.HttpServiceExporter@e48dfaf, /cuba_TestingTransactionsService=com.haulmont.cuba.core.sys.remoting.HttpServiceExporter@9f36eeb, /cuba_DomainDescriptionService=com.haulmont.cuba.core.sys.remoting.HttpServiceExporter@10ecd658, /cuba_EntityImportExportService=com.haulmont.cuba.core.sys.remoting.HttpServiceExporter@ad1c474, /cuba_BulkEditorDataService=com.haulmont.cuba.core.sys.remoting.HttpServiceExporter@2a44a2e0, /cuba_TestingService=com.haulmont.cuba.core.sys.remoting.HttpServiceExporter@dfba755, /cuba_FileStorageService=com.haulmont.cuba.core.sys.remoting.HttpServiceExporter@39794db6, /cuba_EntityLogService=com.haulmont.cuba.core.sys.remoting.HttpServiceExporter@9069115, /cuba_EmailService=com.haulmont.cuba.core.sys.remoting.HttpServiceExporter@618e35b9, /cuba_ConfigStorageService=com.haulmont.cuba.core.sys.remoting.HttpServiceExporter@3f6a96be, /cuba_DynamicAttributesCacheService=com.haulmont.cuba.core.sys.remoting.HttpServiceExporter@739979eb, /cuba_AttributeOptionsLoaderService=com.haulmont.cuba.core.sys.remoting.HttpServiceExporter@533167f0, /cuba_UniqueNumbersService=com.haulmont.cuba.core.sys.remoting.HttpServiceExporter@5d9d1953, /cuba_LocalFileExchangeService=com.haulmont.cuba.core.sys.remoting.HttpServiceExporter@1311a7ae}
2024-07-10 17:23:03.622 DEBUG [main] _org.springframework.web.servlet.HandlerMapping.Mappings - 
	c.h.c.c.c.LogDownloadController:
	{GET [/log/{file:[a-zA-Z0-9\.\-_]+}]}: getLogFile(HttpServletResponse,String,Boolean,String)
2024-07-10 17:23:03.623 DEBUG [main] _org.springframework.web.servlet.HandlerMapping.Mappings - 
	c.h.c.c.c.FileUploadController:
	{POST [/upload]}: upload(HttpServletRequest,HttpServletResponse)
2024-07-10 17:23:03.623 DEBUG [main] _org.springframework.web.servlet.HandlerMapping.Mappings - 
	c.h.c.c.c.HealthCheckController:
	{GET [/health]}: healthCheck(HttpServletRequest,HttpServletResponse)
2024-07-10 17:23:03.623 DEBUG [main] _org.springframework.web.servlet.HandlerMapping.Mappings - 
	c.h.c.c.c.FileDownloadController:
	{GET [/download]}: download(HttpServletRequest,HttpServletResponse)
2024-07-10 17:23:03.630 DEBUG [main] _org.springframework.web.servlet.HandlerMapping.Mappings - 'org.springframework.web.servlet.handler.BeanNameUrlHandlerMapping' {/cuba_AuthenticationService=com.haulmont.cuba.core.sys.remoting.HttpServiceExporter@4ef3a9c3, /cuba_TrustedClientService=com.haulmont.cuba.core.sys.remoting.HttpServiceExporter@514c1b69, /cuba_ServerInfoService=com.haulmont.cuba.core.sys.remoting.HttpServiceExporter@1b3fadda, /cuba_LocalizedMessageService=com.haulmont.cuba.core.sys.remoting.HttpServiceExporter@6b828f7b, /cuba_AccessGroupsService=com.haulmont.cuba.core.sys.remoting.HttpServiceExporter@486417fc, /cuba_RolesService=com.haulmont.cuba.core.sys.remoting.HttpServiceExporter@4f3e7aa6, /cuba_UserSettingService=com.haulmont.cuba.core.sys.remoting.HttpServiceExporter@109d51e8, /cuba_UserSessionService=com.haulmont.cuba.core.sys.remoting.HttpServiceExporter@5a10f8f8, /cuba_SecurityScopesService=com.haulmont.cuba.core.sys.remoting.HttpServiceExporter@2b4a0153, /cuba_UserManagementService=com.haulmont.cuba.core.sys.remoting.HttpServiceExporter@2a75b9ec, /cuba_PersistenceSecurityService=com.haulmont.cuba.core.sys.remoting.HttpServiceExporter@1d5d9d7a, /cuba_ResourceService=com.haulmont.cuba.core.sys.remoting.HttpServiceExporter@645e2cfe, /cuba_ScreenProfilerService=com.haulmont.cuba.core.sys.remoting.HttpServiceExporter@4e1cc48b, /cuba_ScheduledTasksService=com.haulmont.cuba.core.sys.remoting.HttpServiceExporter@46a2f032, /cuba_RelatedEntitiesService=com.haulmont.cuba.core.sys.remoting.HttpServiceExporter@84dd12d, /cuba_EntityRestoreService=com.haulmont.cuba.core.sys.remoting.HttpServiceExporter@615e6a05, /cuba_QueryResultsService=com.haulmont.cuba.core.sys.remoting.HttpServiceExporter@d78dd7f, /cuba_ExceptionReportService=com.haulmont.cuba.core.sys.remoting.HttpServiceExporter@3c0e7718, /cuba_PersistenceManagerService=com.haulmont.cuba.core.sys.remoting.HttpServiceExporter@1aebab12, /cuba_NumberIdService=com.haulmont.cuba.core.sys.remoting.HttpServiceExporter@6acb0d0d, /cuba_EntitySqlGenerationService=com.haulmont.cuba.core.sys.remoting.HttpServiceExporter@647e7305, /cuba_FoldersService=com.haulmont.cuba.core.sys.remoting.HttpServiceExporter@6328f979, /cuba_LockService=com.haulmont.cuba.core.sys.remoting.HttpServiceExporter@5d2ded, /cuba_DataService=com.haulmont.cuba.core.sys.remoting.HttpServiceExporter@3c927907, /cuba_AttributeAccessService=com.haulmont.cuba.core.sys.remoting.HttpServiceExporter@26049ca2, /cuba_ConstraintLocalizationService=com.haulmont.cuba.core.sys.remoting.HttpServiceExporter@3cd38685, /cuba_EntitySnapshotService=com.haulmont.cuba.core.sys.remoting.HttpServiceExporter@e48dfaf, /cuba_TestingTransactionsService=com.haulmont.cuba.core.sys.remoting.HttpServiceExporter@9f36eeb, /cuba_DomainDescriptionService=com.haulmont.cuba.core.sys.remoting.HttpServiceExporter@10ecd658, /cuba_EntityImportExportService=com.haulmont.cuba.core.sys.remoting.HttpServiceExporter@ad1c474, /cuba_BulkEditorDataService=com.haulmont.cuba.core.sys.remoting.HttpServiceExporter@2a44a2e0, /cuba_TestingService=com.haulmont.cuba.core.sys.remoting.HttpServiceExporter@dfba755, /cuba_FileStorageService=com.haulmont.cuba.core.sys.remoting.HttpServiceExporter@39794db6, /cuba_EntityLogService=com.haulmont.cuba.core.sys.remoting.HttpServiceExporter@9069115, /cuba_EmailService=com.haulmont.cuba.core.sys.remoting.HttpServiceExporter@618e35b9, /cuba_ConfigStorageService=com.haulmont.cuba.core.sys.remoting.HttpServiceExporter@3f6a96be, /cuba_DynamicAttributesCacheService=com.haulmont.cuba.core.sys.remoting.HttpServiceExporter@739979eb, /cuba_AttributeOptionsLoaderService=com.haulmont.cuba.core.sys.remoting.HttpServiceExporter@533167f0, /cuba_UniqueNumbersService=com.haulmont.cuba.core.sys.remoting.HttpServiceExporter@5d9d1953, /cuba_LocalFileExchangeService=com.haulmont.cuba.core.sys.remoting.HttpServiceExporter@1311a7ae}
2024-07-10 17:23:03.630 DEBUG [main] _org.springframework.web.servlet.HandlerMapping.Mappings - 
	c.h.c.c.c.LogDownloadController:
	{GET [/log/{file:[a-zA-Z0-9\.\-_]+}]}: getLogFile(HttpServletResponse,String,Boolean,String)
2024-07-10 17:23:03.630 DEBUG [main] _org.springframework.web.servlet.HandlerMapping.Mappings - 
	c.h.c.c.c.FileUploadController:
	{POST [/upload]}: upload(HttpServletRequest,HttpServletResponse)
2024-07-10 17:23:03.630 DEBUG [main] _org.springframework.web.servlet.HandlerMapping.Mappings - 
	c.h.c.c.c.HealthCheckController:
	{GET [/health]}: healthCheck(HttpServletRequest,HttpServletResponse)
2024-07-10 17:23:03.630 DEBUG [main] _org.springframework.web.servlet.HandlerMapping.Mappings - 
	c.h.c.c.c.FileDownloadController:
	{GET [/download]}: download(HttpServletRequest,HttpServletResponse)
2024-07-10 17:23:03.634 INFO  [main] com.haulmont.cuba.core.sys.remoting.RemotingServlet - Completed initialization in 39 ms
2024-07-10 17:23:03.702 DEBUG [cuba_core_scheduler-5] com.haulmont.cuba.core.app.queryresults.QueryResultsManager - Delete query results for inactive user sessions
2024-07-10 17:23:03.707 WARN  [cuba_core_scheduler-4] com.haulmont.cuba.core.jmx.StatisticsCounter - Ğ¡onnection pool not found for statistics counting
2024-07-10 17:23:03.862 WARN  [http-nio-8080-exec-6] com.vaadin.server.DefaultDeploymentConfiguration - 
=================================================================
Vaadin is running in DEBUG MODE.
Add productionMode=true to web.xml to disable debug features.
To show debug window, add ?debug to your application URL.
=================================================================
2024-07-10 17:23:04.031 DEBUG [http-nio-8080-exec-1] com.haulmont.cuba.web.App - Initializing application
2024-07-10 17:23:04.033 DEBUG [http-nio-8080-exec-1] com.haulmont.cuba.gui.theme.ThemeConstantsRepository - Loading theme constants
2024-07-10 17:23:04.061 DEBUG [http-nio-8080-exec-1] com.haulmont.cuba.web.security.WebAnonymousSessionHolder - Loading anonymous session
2024-07-10 17:23:04.087 DEBUG [http-nio-8080-exec-1] com.haulmont.cuba.web.security.WebAnonymousSessionHolder - Anonymous session loaded with id 4a0c73b8-2f62-9109-f46f-7e816d7519ef
2024-07-10 17:23:04.091 DEBUG [http-nio-8080-exec-1/app/anonymous] com.haulmont.cuba.web.DefaultApp - connectionStateChanged connected: true, authenticated: false
2024-07-10 17:23:04.091 DEBUG [http-nio-8080-exec-1/app/anonymous] com.haulmont.cuba.web.App - Closing all windows in all UIs
2024-07-10 17:23:04.108 INFO  [http-nio-8080-exec-1/app/anonymous] com.haulmont.cuba.gui.config.WindowConfig - WindowConfig initialized in 14 ms
2024-07-10 17:23:05.915 INFO  [http-nio-8080-exec-4/app-core/server] com.haulmont.cuba.security.app.role.PredefinedRoleDefinitionRepository - Initializing predefined role definitions
2024-07-10 17:23:05.926 INFO  [http-nio-8080-exec-4/app-core/server] com.haulmont.cuba.security.auth.AuthenticationManagerBean - Logged in: 85d78a9b-f7fb-1c6f-bb24-5811fa9ee416 [admin]
2024-07-10 17:23:05.932 DEBUG [http-nio-8080-exec-4/app/admin] com.haulmont.cuba.web.DefaultApp - connectionStateChanged connected: true, authenticated: true
2024-07-10 17:23:05.932 DEBUG [http-nio-8080-exec-4/app/admin] com.haulmont.cuba.web.App - Closing all windows in all UIs
2024-07-10 17:23:05.934 DEBUG [http-nio-8080-exec-4] com.haulmont.cuba.web.DefaultApp - Session reinitialized: HttpSession=org.apache.catalina.session.StandardSessionFacade@80f730b, timeout=1800sec, UserSession=85d78a9b-f7fb-1c6f-bb24-5811fa9ee416 [admin]
2024-07-10 17:23:05.998 INFO  [http-nio-8080-exec-4/app-core/admin] com.haulmont.cuba.core.sys.AbstractViewRepository - Initializing views
2024-07-10 17:23:06.002 DEBUG [http-nio-8080-exec-4/app-core/admin] com.haulmont.cuba.core.app.StoreFactory - No implementation is specified for _MAIN_ store, using RdbmsStore
2024-07-10 17:23:06.009 DEBUG [http-nio-8080-exec-4/app-core/admin] com.haulmont.cuba.core.app.RdbmsStore - loadList: metaClass=sec$UserSubstitution, view=com.haulmont.cuba.security.entity.UserSubstitution/app, query=Query{queryString='select us from sec$UserSubstitution us where us.user.id = :userId and (us.endDate is null or us.endDate >= :currentDate) and (us.startDate is null or us.startDate <= :currentDate) and (us.substitutedUser.active = true or us.substitutedUser.active is null) order by us.substitutedUser.name', condition=null, sort=null, firstResult=0, maxResults=0}
2024-07-10 17:23:11.201 INFO  [http-nio-8080-exec-4/app/admin] com.haulmont.cuba.core.sys.AbstractViewRepository - Initializing views
2024-07-10 17:23:11.209 INFO  [http-nio-8080-exec-4/app-core/admin] com.haulmont.cuba.core.app.PersistenceManager - Loading statistics cache
2024-07-10 17:23:11.259 DEBUG [http-nio-8080-exec-4/app-core/admin] com.haulmont.cuba.core.app.RdbmsStore - loadList: metaClass=sec$Filter, view=com.haulmont.cuba.security.entity.FilterEntity/app, query=Query{queryString='select f from sec$Filter f left join f.user u where f.componentId = :component and (u.id = :userId or u is null) order by f.name', condition=null, sort=null, firstResult=0, maxResults=0}
2024-07-10 17:23:11.279 DEBUG [http-nio-8080-exec-4/app-core/admin] com.haulmont.cuba.core.app.RdbmsStore - loadList: metaClass=intership_CommercialNetwork, view=com.company.intership.entity.CommercialNetwork/, query=Query{queryString='select e from intership_CommercialNetwork e', condition=null, sort=null, firstResult=0, maxResults=50}, max=50
2024-07-10 17:23:11.526 DEBUG [http-nio-8080-exec-6/app-core/admin] com.haulmont.cuba.core.app.RdbmsStore - loadList: metaClass=sec$Filter, view=com.haulmont.cuba.security.entity.FilterEntity/app, query=Query{queryString='select f from sec$Filter f left join f.user u where f.componentId = :component and (u.id = :userId or u is null) order by f.name', condition=null, sort=null, firstResult=0, maxResults=0}
2024-07-10 17:23:11.538 DEBUG [http-nio-8080-exec-6/app-core/admin] com.haulmont.cuba.core.app.RdbmsStore - loadList: metaClass=intership_CommercialNetwork, view=com.company.intership.entity.CommercialNetwork/, query=Query{queryString='select e from intership_CommercialNetwork e', condition=null, sort=null, firstResult=0, maxResults=50}, max=50
2024-07-10 17:23:11.625 INFO  [ClientCacheManager-pool-2-thread-1/app-core/server] com.haulmont.cuba.security.auth.AuthenticationManagerBean - Logged in: ac5d9500-5821-4958-6ebb-d7a1e4ed9557 [admin]
2024-07-10 17:23:12.540 DEBUG [http-nio-8080-exec-5/app-core/admin] com.haulmont.cuba.core.app.RdbmsStore - loadList: metaClass=sec$Filter, view=com.haulmont.cuba.security.entity.FilterEntity/app, query=Query{queryString='select f from sec$Filter f left join f.user u where f.componentId = :component and (u.id = :userId or u is null) order by f.name', condition=null, sort=null, firstResult=0, maxResults=0}
2024-07-10 17:23:12.558 DEBUG [http-nio-8080-exec-5/app-core/admin] com.haulmont.cuba.core.app.RdbmsStore - loadList: metaClass=intership_Shop, view=com.company.intership.entity.Shop/, query=Query{queryString='select e from intership_Shop e', condition=null, sort=null, firstResult=0, maxResults=50}, max=50
2024-07-10 17:23:13.933 DEBUG [http-nio-8080-exec-9/app-core/admin] com.haulmont.cuba.core.app.RdbmsStore - loadList: metaClass=sec$Filter, view=com.haulmont.cuba.security.entity.FilterEntity/app, query=Query{queryString='select f from sec$Filter f left join f.user u where f.componentId = :component and (u.id = :userId or u is null) order by f.name', condition=null, sort=null, firstResult=0, maxResults=0}
2024-07-10 17:23:13.949 DEBUG [http-nio-8080-exec-9/app-core/admin] com.haulmont.cuba.core.app.RdbmsStore - loadList: metaClass=intership_ManufacturerOfGoods, view=com.company.intership.entity.ManufacturerOfGoods/, query=Query{queryString='select e from intership_ManufacturerOfGoods e', condition=null, sort=null, firstResult=0, maxResults=50}, max=50
2024-07-10 17:23:15.122 DEBUG [http-nio-8080-exec-4/app-core/admin] com.haulmont.cuba.core.app.RdbmsStore - loadList: metaClass=sec$Filter, view=com.haulmont.cuba.security.entity.FilterEntity/app, query=Query{queryString='select f from sec$Filter f left join f.user u where f.componentId = :component and (u.id = :userId or u is null) order by f.name', condition=null, sort=null, firstResult=0, maxResults=0}
2024-07-10 17:23:15.135 DEBUG [http-nio-8080-exec-4/app-core/admin] com.haulmont.cuba.core.app.RdbmsStore - loadList: metaClass=intership_Product, view=com.company.intership.entity.Product/, query=Query{queryString='select e from intership_Product e', condition=null, sort=null, firstResult=0, maxResults=50}, max=50
2024-07-10 17:23:16.461 DEBUG [http-nio-8080-exec-5/app-core/admin] com.haulmont.cuba.core.app.RdbmsStore - loadList: metaClass=sec$Filter, view=com.haulmont.cuba.security.entity.FilterEntity/app, query=Query{queryString='select f from sec$Filter f left join f.user u where f.componentId = :component and (u.id = :userId or u is null) order by f.name', condition=null, sort=null, firstResult=0, maxResults=0}
2024-07-10 17:23:16.472 DEBUG [http-nio-8080-exec-5/app-core/admin] com.haulmont.cuba.core.app.RdbmsStore - loadList: metaClass=intership_ManufacturerOfGoods, view=com.company.intership.entity.ManufacturerOfGoods/, query=Query{queryString='select e from intership_ManufacturerOfGoods e', condition=null, sort=null, firstResult=0, maxResults=50}, max=50
