Performance Statistics   2024-07-17 00:13:00 - 2024-07-17 00:14:00
Tag                                                  Avg(ms)         Min         Max     Std Dev       Count
LoadClass                                                1.3           0           4         0.9          16
Messages.searchClasspath                                 0.2           0          11         1.0         450
Messages.searchFiles                                     0.0           0          17         0.8         450
Metadata.replaceExtendedMetaClasses                      1.0           1           1         0.0           2
ViewRepository.init.ViewRepositoryImpl                  30.0          30          30         0.0           1
WebJARs                                                  7.0           7           7         0.0           1

Performance Statistics   2024-07-17 00:14:00 - 2024-07-17 00:15:00
Tag                                                  Avg(ms)         Min         Max     Std Dev       Count
LoadClass                                                3.0           3           3         0.0           1
Messages.searchClasspath                                 0.0           0           3         0.3         149
Messages.searchFiles                                     0.0           0           0         0.0         149
ViewRepository.init.ViewRepositoryClientImpl            22.0          22          22         0.0           1

Performance Statistics   2024-07-17 00:17:00 - 2024-07-17 00:18:00
Tag                                                  Avg(ms)         Min         Max     Std Dev       Count
LoadClass                                                1.0           0           2         0.7          14
Messages.searchClasspath                                 0.3           0          10         1.1         204
Messages.searchFiles                                     0.1           0          15         1.0         204
Metadata.replaceExtendedMetaClasses                      1.0           1           1         0.0           2
WebJARs                                                 10.0          10          10         0.0           1

Performance Statistics   2024-07-17 00:35:00 - 2024-07-17 00:36:00
Tag                                                  Avg(ms)         Min         Max     Std Dev       Count
LoadClass                                                1.1           0           2         0.6          15
Messages.searchClasspath                                 0.2           0           8         1.0         299
Messages.searchFiles                                     0.0           0          12         0.7         299
Metadata.replaceExtendedMetaClasses                      1.0           1           1         0.0           2
WebJARs                                                  7.0           7           7         0.0           1

Performance Statistics   2024-07-17 02:28:00 - 2024-07-17 02:29:00
Tag                                                  Avg(ms)         Min         Max     Std Dev       Count
LoadClass                                                1.9           0           7         1.5          19
Messages.searchClasspath                                 0.1           0           9         0.7         632
Messages.searchFiles                                     0.0           0          11         0.4         632
Metadata.replaceExtendedMetaClasses                      2.0           2           2         0.0           2
ViewRepository.init.ViewRepositoryClientImpl            23.0          23          23         0.0           1
ViewRepository.init.ViewRepositoryImpl                  30.0          30          30         0.0           1
WebJARs                                                 11.0          11          11         0.0           1

